0 info it worked if it ends with ok
1 verbose cli [ 'C:\\Program Files\\nodejs\\node.exe',
1 verbose cli   'C:\\Program Files\\nodejs\\node_modules\\npm\\bin\\npm-cli.js',
1 verbose cli   'run',
1 verbose cli   'webpack-watch' ]
2 info using npm@4.1.2
3 info using node@v7.7.1
4 verbose run-script [ 'prewebpack-watch', 'webpack-watch', 'postwebpack-watch' ]
5 info lifecycle speedroute@1.0.0~prewebpack-watch: speedroute@1.0.0
6 silly lifecycle speedroute@1.0.0~prewebpack-watch: no script for prewebpack-watch, continuing
7 info lifecycle speedroute@1.0.0~webpack-watch: speedroute@1.0.0
8 verbose lifecycle speedroute@1.0.0~webpack-watch: unsafe-perm in lifecycle true
9 verbose lifecycle speedroute@1.0.0~webpack-watch: PATH: C:\Program Files\nodejs\node_modules\npm\bin\node-gyp-bin;E:\Start\Projects\SpeedRoute\project\node_modules\.bin;C:\Program Files (x86)\Cmder\bin;C:\Program Files (x86)\Cmder\vendor\conemu-maximus5\ConEmu\Scripts;C:\Program Files (x86)\Cmder\vendor\conemu-maximus5;C:\Program Files (x86)\Cmder\vendor\conemu-maximus5\ConEmu;C:\ProgramData\Oracle\Java\javapath;C:\Program Files (x86)\Python2.7\;C:\Program Files (x86)\Python2.7\Scripts;C:\Windows\system32;C:\Windows;C:\Windows\System32\Wbem;C:\Windows\System32\WindowsPowerShell\v1.0\;C:\Program Files\nodejs\;C:\Program Files\PuTTY\;C:\Program Files\MySQL\MySQL Utilities 1.6\;C:\Program Files\MySQL\MySQL Server 5.7\bin;C:\Program Files (x86)\NVIDIA Corporation\PhysX\Common;C:\Program Files\Git\cmd;C:\Program Files\Java\jdk1.8.0_131\bin;C:\Program Files\apache-ant-1.10.1\bin;C:\Users\Pedro Marques\AppData\Local\Microsoft\WindowsApps;C:\Users\Pedro Marques\AppData\Roaming\npm;C:\Program Files\Git\usr\bin;C:\Program Files\Git\usr\share\vim\vim74;C:\Program Files (x86)\Cmder\
10 verbose lifecycle speedroute@1.0.0~webpack-watch: CWD: E:\Start\Projects\SpeedRoute\project
11 silly lifecycle speedroute@1.0.0~webpack-watch: Args: [ '/d /s /c', 'webpack --watch' ]
12 silly lifecycle speedroute@1.0.0~webpack-watch: Returned: code: 3221225786  signal: null
13 info lifecycle speedroute@1.0.0~webpack-watch: Failed to exec webpack-watch script
14 verbose stack Error: speedroute@1.0.0 webpack-watch: `webpack --watch`
14 verbose stack Exit status 3221225786
14 verbose stack     at EventEmitter.<anonymous> (C:\Program Files\nodejs\node_modules\npm\lib\utils\lifecycle.js:279:16)
14 verbose stack     at emitTwo (events.js:106:13)
14 verbose stack     at EventEmitter.emit (events.js:194:7)
14 verbose stack     at ChildProcess.<anonymous> (C:\Program Files\nodejs\node_modules\npm\lib\utils\spawn.js:40:14)
14 verbose stack     at emitTwo (events.js:106:13)
14 verbose stack     at ChildProcess.emit (events.js:194:7)
14 verbose stack     at maybeClose (internal/child_process.js:899:16)
14 verbose stack     at Process.ChildProcess._handle.onexit (internal/child_process.js:226:5)
15 verbose pkgid speedroute@1.0.0
16 verbose cwd E:\Start\Projects\SpeedRoute\project
17 error Windows_NT 10.0.14393
18 error argv "C:\\Program Files\\nodejs\\node.exe" "C:\\Program Files\\nodejs\\node_modules\\npm\\bin\\npm-cli.js" "run" "webpack-watch"
19 error node v7.7.1
20 error npm  v4.1.2
21 error code ELIFECYCLE
22 error speedroute@1.0.0 webpack-watch: `webpack --watch`
22 error Exit status 3221225786
23 error Failed at the speedroute@1.0.0 webpack-watch script 'webpack --watch'.
23 error Make sure you have the latest version of node.js and npm installed.
23 error If you do, this is most likely a problem with the speedroute package,
23 error not with npm itself.
23 error Tell the author that this fails on your system:
23 error     webpack --watch
23 error You can get information on how to open an issue for this project with:
23 error     npm bugs speedroute
23 error Or if that isn't available, you can get their info via:
23 error     npm owner ls speedroute
23 error There is likely additional logging output above.
24 verbose exit [ 1, true ]
